[2020-02-17 19:45:05.364] [sharedprocess] [info] main {"machineId":"afc5ce7dad504a4107ee7a08e50681437105fc8b948a252278ca65ef15607503"}
[2020-02-17 19:45:05.638] [sharedprocess] [info] Scanned user extensions: 24
[2020-02-17 19:45:05.682] [sharedprocess] [info] Scanned user extensions: 24
[2020-02-17 19:45:05.693] [sharedprocess] [info] Scanned user extensions: 24
[2020-02-17 19:45:05.747] [sharedprocess] [info] Scanned system extensions: 72
[2020-02-17 19:45:05.757] [sharedprocess] [info] Scanned system extensions: 72
[2020-02-17 19:45:05.767] [sharedprocess] [info] Scanned system extensions: 72
[2020-02-17 19:45:06.914] [sharedprocess] [info] Scanned user extensions: 24
[2020-02-17 19:45:10.553] [sharedprocess] [info] Installing extension: vscode-icons-team.vscode-icons
[2020-02-17 19:45:10.575] [sharedprocess] [info] Scanned user extensions: 24
[2020-02-17 19:45:14.555] [sharedprocess] [info] Downloaded extension: vscode-icons-team.vscode-icons /tmp/3da171e5-0c1c-4bda-b9d7-3b897de72f85
[2020-02-17 19:45:16.297] [sharedprocess] [info] Extracted extension to /home/admin123/.vscode/extensions/.vscode-icons-team.vscode-icons-10.0.0: vscode-icons-team.vscode-icons
[2020-02-17 19:45:16.298] [sharedprocess] [info] Renamed to /home/admin123/.vscode/extensions/vscode-icons-team.vscode-icons-10.0.0
[2020-02-17 19:45:16.299] [sharedprocess] [info] Installation completed. vscode-icons-team.vscode-icons
[2020-02-17 19:45:16.315] [sharedprocess] [info] Extensions installed successfully: vscode-icons-team.vscode-icons
[2020-02-17 19:45:33.388] [sharedprocess] [info] Scanned user extensions: 24
[2020-02-17 19:45:33.396] [sharedprocess] [info] Scanned user extensions: 24
[2020-02-17 19:45:33.531] [sharedprocess] [info] Scanned system extensions: 72
[2020-02-17 19:45:33.545] [sharedprocess] [info] Scanned system extensions: 72
[2020-02-17 19:45:35.463] [sharedprocess] [info] Scanned user extensions: 24
[2020-02-17 19:45:45.390] [sharedprocess] [info] Starting to clean up unused language packs.
[2020-02-17 19:50:36.122] [sharedprocess] [info] Scanned user extensions: 24
[2020-02-17 19:55:36.193] [sharedprocess] [info] Scanned user extensions: 24
[2020-02-17 20:00:36.245] [sharedprocess] [info] Scanned user extensions: 24
[2020-02-17 20:05:36.378] [sharedprocess] [info] Scanned user extensions: 24
[2020-02-17 20:10:36.545] [sharedprocess] [info] Scanned user extensions: 24
[2020-02-17 20:15:36.595] [sharedprocess] [info] Scanned user extensions: 24
[2020-02-17 20:20:36.631] [sharedprocess] [info] Scanned user extensions: 24
[2020-02-17 20:25:36.729] [sharedprocess] [info] Scanned user extensions: 24
[2020-02-17 20:30:36.989] [sharedprocess] [info] Scanned user extensions: 24
[2020-02-17 20:35:37.026] [sharedprocess] [info] Scanned user extensions: 24
[2020-02-17 20:40:37.065] [sharedprocess] [info] Scanned user extensions: 24
[2020-02-17 20:45:37.113] [sharedprocess] [info] Scanned user extensions: 24
[2020-02-17 20:50:37.150] [sharedprocess] [info] Scanned user extensions: 24
[2020-02-17 20:55:37.189] [sharedprocess] [info] Scanned user extensions: 24
[2020-02-17 21:00:37.223] [sharedprocess] [info] Scanned user extensions: 24
[2020-02-17 21:05:37.262] [sharedprocess] [info] Scanned user extensions: 24
[2020-02-17 21:10:37.300] [sharedprocess] [info] Scanned user extensions: 24
[2020-02-17 21:15:37.342] [sharedprocess] [info] Scanned user extensions: 24
[2020-02-17 21:20:37.387] [sharedprocess] [info] Scanned user extensions: 24
